  Logger.cpp
  main.cpp
  Создание кода...
C:\Study\КС\Server_game\Server_game\Logger.cpp(70): warning C4715: Logger::timestamp: значение возвращается не при всех путях выполнения
     Создается библиотека C:\Study\КС\Server_game\Debug\Server_game.lib и объект C:\Study\КС\Server_game\Debug\Server_game.exp
Logger.obj : error LNK2001: неразрешенный внешний символ "private: static class Logger * Logger::instance" (?instance@Logger@@0PAV1@A).
main.obj : error LNK2019: ссылка на неразрешенный внешний символ "__declspec(dllimport) protected: __thiscall sf::NonCopyable::NonCopyable(void)" (__imp_??0NonCopyable@sf@@IAE@XZ) в функции "public: __thiscall sf::Thread::Thread<class `int __cdecl main(void)'::`2'::<lambda_1> >(class `int __cdecl main(void)'::`2'::<lambda_1>)" (??$?0V<lambda_1>@?1??main@@YAHXZ@@Thread@sf@@QAE@V<lambda_1>@?1??main@@YAHXZ@@Z).
main.obj : error LNK2019: ссылка на неразрешенный внешний символ "__declspec(dllimport) protected: __thiscall sf::NonCopyable::~NonCopyable(void)" (__imp_??1NonCopyable@sf@@IAE@XZ) в функции __unwindfunclet$??$?0V<lambda_1>@?1??main@@YAHXZ@@Thread@sf@@QAE@V<lambda_1>@?1??main@@YAHXZ@@Z$0.
main.obj : error LNK2019: ссылка на неразрешенный внешний символ "__declspec(dllimport) public: __thiscall sf::String::String(char const *,class std::locale const &)" (__imp_??0String@sf@@QAE@PBDABVlocale@std@@@Z) в функции _main.
main.obj : error LNK2019: ссылка на неразрешенный внешний символ "__declspec(dllimport) public: __thiscall sf::String::~String(void)" (__imp_??1String@sf@@QAE@XZ) в функции _main.
main.obj : error LNK2019: ссылка на неразрешенный внешний символ "__declspec(dllimport) public: __thiscall sf::Thread::~Thread(void)" (__imp_??1Thread@sf@@QAE@XZ) в функции _main.
main.obj : error LNK2019: ссылка на неразрешенный внешний символ "__declspec(dllimport) public: void __thiscall sf::Thread::launch(void)" (__imp_?launch@Thread@sf@@QAEXXZ) в функции _main.
main.obj : error LNK2019: ссылка на неразрешенный внешний символ "__declspec(dllimport) public: void __thiscall sf::Thread::terminate(void)" (__imp_?terminate@Thread@sf@@QAEXXZ) в функции _main.
main.obj : error LNK2019: ссылка на неразрешенный внешний символ "__declspec(dllimport) public: __thiscall sf::VideoMode::VideoMode(unsigned int,unsigned int,unsigned int)" (__imp_??0VideoMode@sf@@QAE@III@Z) в функции _main.
main.obj : error LNK2019: ссылка на неразрешенный внешний символ "__declspec(dllimport) public: void __thiscall sf::Window::close(void)" (__imp_?close@Window@sf@@QAEXXZ) в функции _main.
main.obj : error LNK2019: ссылка на неразрешенный внешний символ "__declspec(dllimport) public: bool __thiscall sf::Window::isOpen(void)const " (__imp_?isOpen@Window@sf@@QBE_NXZ) в функции _main.
main.obj : error LNK2019: ссылка на неразрешенный внешний символ "__declspec(dllimport) public: bool __thiscall sf::Window::pollEvent(class sf::Event &)" (__imp_?pollEvent@Window@sf@@QAE_NAAVEvent@2@@Z) в функции _main.
main.obj : error LNK2019: ссылка на неразрешенный внешний символ "__declspec(dllimport) public: void __thiscall sf::Window::display(void)" (__imp_?display@Window@sf@@QAEXXZ) в функции _main.
main.obj : error LNK2019: ссылка на неразрешенный внешний символ "__declspec(dllimport) public: void __thiscall sf::Transformable::setPosition(float,float)" (__imp_?setPosition@Transformable@sf@@QAEXMM@Z) в функции _main.
main.obj : error LNK2019: ссылка на неразрешенный внешний символ "__declspec(dllimport) public: __thiscall sf::Color::Color(unsigned char,unsigned char,unsigned char,unsigned char)" (__imp_??0Color@sf@@QAE@EEEE@Z) в функции _main.
main.obj : error LNK2019: ссылка на неразрешенный внешний символ "__declspec(dllimport) public: void __thiscall sf::Shape::setFillColor(class sf::Color const &)" (__imp_?setFillColor@Shape@sf@@QAEXABVColor@2@@Z) в функции "public: __thiscall `int __cdecl main(void)'::`2'::<lambda_1>::operator()(void)const " (??R<lambda_1>@?1??main@@YAHXZ@QBE@XZ).
main.obj : error LNK2019: ссылка на неразрешенный внешний символ "__declspec(dllimport) public: __thiscall sf::CircleShape::CircleShape(float,unsigned int)" (__imp_??0CircleShape@sf@@QAE@MI@Z) в функции _main.
main.obj : error LNK2019: ссылка на неразрешенный внешний символ "__declspec(dllimport) public: virtual __thiscall sf::CircleShape::~CircleShape(void)" (__imp_??1CircleShape@sf@@UAE@XZ) в функции _main.
main.obj : error LNK2019: ссылка на неразрешенный внешний символ "__declspec(dllimport) public: void __thiscall sf::RenderTarget::clear(class sf::Color const &)" (__imp_?clear@RenderTarget@sf@@QAEXABVColor@2@@Z) в функции _main.
main.obj : error LNK2019: ссылка на неразрешенный внешний символ "__declspec(dllimport) public: void __thiscall sf::RenderTarget::draw(class sf::Drawable const &,class sf::RenderStates const &)" (__imp_?draw@RenderTarget@sf@@QAEXABVDrawable@2@ABVRenderStates@2@@Z) в функции _main.
main.obj : error LNK2019: ссылка на неразрешенный внешний символ "__declspec(dllimport) public: __thiscall sf::RenderWindow::RenderWindow(class sf::VideoMode,class sf::String const &,unsigned int,struct sf::ContextSettings const &)" (__imp_??0RenderWindow@sf@@QAE@VVideoMode@1@ABVString@1@IABUContextSettings@1@@Z) в функции _main.
main.obj : error LNK2019: ссылка на неразрешенный внешний символ "__declspec(dllimport) public: virtual __thiscall sf::RenderWindow::~RenderWindow(void)" (__imp_??1RenderWindow@sf@@UAE@XZ) в функции _main.
main.obj : error LNK2019: ссылка на неразрешенный внешний символ "__declspec(dllimport) public: __thiscall sf::IpAddress::IpAddress(void)" (__imp_??0IpAddress@sf@@QAE@XZ) в функции _main.
main.obj : error LNK2019: ссылка на неразрешенный внешний символ "__declspec(dllimport) class std::basic_ostream<char,struct std::char_traits<char> > & __cdecl sf::operator<<(class std::basic_ostream<char,struct std::char_traits<char> > &,class sf::IpAddress const &)" (__imp_??6sf@@YAAAV?$basic_ostream@DU?$char_traits@D@std@@@std@@AAV12@ABVIpAddress@0@@Z) в функции "public: __thiscall `int __cdecl main(void)'::`2'::<lambda_1>::operator()(void)const " (??R<lambda_1>@?1??main@@YAHXZ@QBE@XZ).
main.obj : error LNK2019: ссылка на неразрешенный внешний символ "__declspec(dllimport) public: __thiscall sf::UdpSocket::UdpSocket(void)" (__imp_??0UdpSocket@sf@@QAE@XZ) в функции _main.
main.obj : error LNK2019: ссылка на неразрешенный внешний символ "__declspec(dllimport) public: enum sf::Socket::Status __thiscall sf::UdpSocket::bind(unsigned short,class sf::IpAddress const &)" (__imp_?bind@UdpSocket@sf@@QAE?AW4Status@Socket@2@GABVIpAddress@2@@Z) в функции _main.
main.obj : error LNK2019: ссылка на неразрешенный внешний символ "__declspec(dllimport) public: enum sf::Socket::Status __thiscall sf::UdpSocket::receive(void *,unsigned int,unsigned int &,class sf::IpAddress &,unsigned short &)" (__imp_?receive@UdpSocket@sf@@QAE?AW4Status@Socket@2@PAXIAAIAAVIpAddress@2@AAG@Z) в функции "public: __thiscall `int __cdecl main(void)'::`2'::<lambda_1>::operator()(void)const " (??R<lambda_1>@?1??main@@YAHXZ@QBE@XZ).
main.obj : error LNK2019: ссылка на неразрешенный внешний символ "__declspec(dllimport) public: virtual __thiscall sf::UdpSocket::~UdpSocket(void)" (__imp_??1UdpSocket@sf@@UAE@XZ) в функции _main.
main.obj : error LNK2019: ссылка на неразрешенный внешний символ "__declspec(dllimport) public: static class sf::RenderStates const sf::RenderStates::Default" (__imp_?Default@RenderStates@sf@@2V12@B) в функции _main.
main.obj : error LNK2019: ссылка на неразрешенный внешний символ "__declspec(dllimport) public: static class sf::Color const sf::Color::Red" (__imp_?Red@Color@sf@@2V12@B) в функции "public: __thiscall `int __cdecl main(void)'::`2'::<lambda_1>::operator()(void)const " (??R<lambda_1>@?1??main@@YAHXZ@QBE@XZ).
main.obj : error LNK2019: ссылка на неразрешенный внешний символ "__declspec(dllimport) public: static class sf::Color const sf::Color::Green" (__imp_?Green@Color@sf@@2V12@B) в функции "public: __thiscall `int __cdecl main(void)'::`2'::<lambda_1>::operator()(void)const " (??R<lambda_1>@?1??main@@YAHXZ@QBE@XZ).
main.obj : error LNK2019: ссылка на неразрешенный внешний символ "__declspec(dllimport) public: static class sf::Color const sf::Color::Yellow" (__imp_?Yellow@Color@sf@@2V12@B) в функции _main.
main.obj : error LNK2019: ссылка на неразрешенный внешний символ "__declspec(dllimport) public: static class sf::IpAddress const sf::IpAddress::Any" (__imp_?Any@IpAddress@sf@@2V12@B) в функции _main.
C:\Study\Курсовая ООП\SFML\SFML-2.5.1\lib\sfml-network-d.lib : warning LNK4272: тип компьютера библиотеки "x64" конфликтует с типом целевого компьютера "x86"
C:\Study\Курсовая ООП\SFML\SFML-2.5.1\lib\sfml-graphics-d.lib : warning LNK4272: тип компьютера библиотеки "x64" конфликтует с типом целевого компьютера "x86"
C:\Study\Курсовая ООП\SFML\SFML-2.5.1\lib\sfml-window-d.lib : warning LNK4272: тип компьютера библиотеки "x64" конфликтует с типом целевого компьютера "x86"
C:\Study\Курсовая ООП\SFML\SFML-2.5.1\lib\sfml-system-d.lib : warning LNK4272: тип компьютера библиотеки "x64" конфликтует с типом целевого компьютера "x86"
C:\Study\КС\Server_game\Debug\Server_game.exe : fatal error LNK1120: неразрешенных внешних элементов: 33
